<?xml version="1.0" encoding="UTF-8"?>
<!-- Generated by org.testng.reporters.JUnitXMLReporter -->
<testsuite ignored="0" hostname="DESKTOP-1NLM7CI" failures="1" tests="1" name="Test" time="5.359" errors="0" timestamp="2025-03-19T23:05:19 GMT-07:00">
  <testcase classname="com.guru99.tests.LoginTest" name="loginWithCorrectCred" time="1.054">
    <failure type="java.lang.AssertionError" message="expected [GTPL Bank Home age] but found [GTPL Bank Manager HomePage]">
      <![CDATA[java.lang.AssertionError: expected [GTPL Bank Home age] but found [GTPL Bank Manager HomePage]
at com.guru99.tests.LoginTest.loginWithCorrectCred(LoginTest.java:22)
at java.base/java.util.ArrayList.forEach(ArrayList.java:1511)
... Removed 32 stack frames]]>
    </failure>
  </testcase> <!-- loginWithCorrectCred -->
</testsuite> <!-- Test -->
